<?xml version="1.0" encoding="UTF-8"?>
<testng-results ignored="0" total="11" passed="11" failed="0" skipped="0">
  <reporter-output>
  </reporter-output>
  <suite started-at="2025-07-25T14:54:59 UTC" name="Gradle suite" finished-at="2025-07-25T14:55:06 UTC" duration-ms="6404">
    <groups>
    </groups>
    <test started-at="2025-07-25T14:54:59 UTC" name="Gradle test" finished-at="2025-07-25T14:55:06 UTC" duration-ms="6404">
      <class name="com.cspb1913.kafkasendgrid.service.EmailServiceIntegrationTest">
        <test-method is-config="true" signature="springTestContextBeforeTestClass()[pri:0, instance:com.cspb1913.kafkasendgrid.service.EmailServiceIntegrationTest@3bfae028]" started-at="2025-07-25T14:55:00 UTC" name="springTestContextBeforeTestClass" finished-at="2025-07-25T14:55:00 UTC" duration-ms="5" status="PASS">
          <reporter-output>
          </reporter-output>
        </test-method> <!-- springTestContextBeforeTestClass -->
        <test-method is-config="true" signature="springTestContextPrepareTestInstance()[pri:0, instance:com.cspb1913.kafkasendgrid.service.EmailServiceIntegrationTest@3bfae028]" started-at="2025-07-25T14:55:00 UTC" name="springTestContextPrepareTestInstance" finished-at="2025-07-25T14:55:06 UTC" depends-on-methods="org.springframework.test.context.testng.AbstractTestNGSpringContextTests.springTestContextBeforeTestClass" duration-ms="5363" status="PASS">
          <reporter-output>
          </reporter-output>
        </test-method> <!-- springTestContextPrepareTestInstance -->
        <test-method is-config="true" signature="springTestContextBeforeTestMethod(java.lang.reflect.Method)[pri:0, instance:com.cspb1913.kafkasendgrid.service.EmailServiceIntegrationTest@3bfae028]" started-at="2025-07-25T14:55:06 UTC" name="springTestContextBeforeTestMethod" finished-at="2025-07-25T14:55:06 UTC" duration-ms="14" status="PASS">
          <params>
            <param index="0">
              <value>
                <![CDATA[public void com.cspb1913.kafkasendgrid.service.EmailServiceIntegrationTest.testEmailMessageCreation()]]>
              </value>
            </param>
          </params>
          <reporter-output>
          </reporter-output>
        </test-method> <!-- springTestContextBeforeTestMethod -->
        <test-method signature="testEmailMessageCreation()[pri:0, instance:com.cspb1913.kafkasendgrid.service.EmailServiceIntegrationTest@3bfae028]" started-at="2025-07-25T14:55:06 UTC" name="testEmailMessageCreation" finished-at="2025-07-25T14:55:06 UTC" duration-ms="2" status="PASS">
          <reporter-output>
          </reporter-output>
        </test-method> <!-- testEmailMessageCreation -->
        <test-method is-config="true" signature="springTestContextAfterTestMethod(java.lang.reflect.Method)[pri:0, instance:com.cspb1913.kafkasendgrid.service.EmailServiceIntegrationTest@3bfae028]" started-at="2025-07-25T14:55:06 UTC" name="springTestContextAfterTestMethod" finished-at="2025-07-25T14:55:06 UTC" duration-ms="9" status="PASS">
          <params>
            <param index="0">
              <value>
                <![CDATA[public void com.cspb1913.kafkasendgrid.service.EmailServiceIntegrationTest.testEmailMessageCreation()]]>
              </value>
            </param>
          </params>
          <reporter-output>
          </reporter-output>
        </test-method> <!-- springTestContextAfterTestMethod -->
        <test-method is-config="true" signature="springTestContextBeforeTestMethod(java.lang.reflect.Method)[pri:0, instance:com.cspb1913.kafkasendgrid.service.EmailServiceIntegrationTest@3bfae028]" started-at="2025-07-25T14:55:06 UTC" name="springTestContextBeforeTestMethod" finished-at="2025-07-25T14:55:06 UTC" duration-ms="4" status="PASS">
          <params>
            <param index="0">
              <value>
                <![CDATA[public void com.cspb1913.kafkasendgrid.service.EmailServiceIntegrationTest.testEmailServiceBean()]]>
              </value>
            </param>
          </params>
          <reporter-output>
          </reporter-output>
        </test-method> <!-- springTestContextBeforeTestMethod -->
        <test-method signature="testEmailServiceBean()[pri:0, instance:com.cspb1913.kafkasendgrid.service.EmailServiceIntegrationTest@3bfae028]" started-at="2025-07-25T14:55:06 UTC" name="testEmailServiceBean" finished-at="2025-07-25T14:55:06 UTC" duration-ms="1" status="PASS">
          <reporter-output>
          </reporter-output>
        </test-method> <!-- testEmailServiceBean -->
        <test-method is-config="true" signature="springTestContextAfterTestMethod(java.lang.reflect.Method)[pri:0, instance:com.cspb1913.kafkasendgrid.service.EmailServiceIntegrationTest@3bfae028]" started-at="2025-07-25T14:55:06 UTC" name="springTestContextAfterTestMethod" finished-at="2025-07-25T14:55:06 UTC" duration-ms="4" status="PASS">
          <params>
            <param index="0">
              <value>
                <![CDATA[public void com.cspb1913.kafkasendgrid.service.EmailServiceIntegrationTest.testEmailServiceBean()]]>
              </value>
            </param>
          </params>
          <reporter-output>
          </reporter-output>
        </test-method> <!-- springTestContextAfterTestMethod -->
        <test-method is-config="true" signature="springTestContextAfterTestClass()[pri:0, instance:com.cspb1913.kafkasendgrid.service.EmailServiceIntegrationTest@3bfae028]" started-at="2025-07-25T14:55:06 UTC" name="springTestContextAfterTestClass" finished-at="2025-07-25T14:55:06 UTC" duration-ms="1" status="PASS">
          <reporter-output>
          </reporter-output>
        </test-method> <!-- springTestContextAfterTestClass -->
      </class> <!-- com.cspb1913.kafkasendgrid.service.EmailServiceIntegrationTest -->
      <class name="com.cspb1913.kafkasendgrid.model.EmailMessageTest">
        <test-method is-config="true" signature="setUp()[pri:0, instance:com.cspb1913.kafkasendgrid.model.EmailMessageTest@34523d46]" started-at="2025-07-25T14:54:59 UTC" name="setUp" finished-at="2025-07-25T14:55:00 UTC" duration-ms="666" status="PASS">
          <reporter-output>
          </reporter-output>
        </test-method> <!-- setUp -->
        <test-method signature="testEmailMessageCreation()[pri:0, instance:com.cspb1913.kafkasendgrid.model.EmailMessageTest@34523d46]" started-at="2025-07-25T14:55:00 UTC" name="testEmailMessageCreation" finished-at="2025-07-25T14:55:00 UTC" duration-ms="6" status="PASS">
          <reporter-output>
          </reporter-output>
        </test-method> <!-- testEmailMessageCreation -->
        <test-method is-config="true" signature="setUp()[pri:0, instance:com.cspb1913.kafkasendgrid.model.EmailMessageTest@34523d46]" started-at="2025-07-25T14:55:00 UTC" name="setUp" finished-at="2025-07-25T14:55:00 UTC" duration-ms="6" status="PASS">
          <reporter-output>
          </reporter-output>
        </test-method> <!-- setUp -->
        <test-method signature="testEmailMessageDefaultConstructor()[pri:0, instance:com.cspb1913.kafkasendgrid.model.EmailMessageTest@34523d46]" started-at="2025-07-25T14:55:00 UTC" name="testEmailMessageDefaultConstructor" finished-at="2025-07-25T14:55:00 UTC" duration-ms="0" status="PASS">
          <reporter-output>
          </reporter-output>
        </test-method> <!-- testEmailMessageDefaultConstructor -->
        <test-method is-config="true" signature="setUp()[pri:0, instance:com.cspb1913.kafkasendgrid.model.EmailMessageTest@34523d46]" started-at="2025-07-25T14:55:00 UTC" name="setUp" finished-at="2025-07-25T14:55:00 UTC" duration-ms="6" status="PASS">
          <reporter-output>
          </reporter-output>
        </test-method> <!-- setUp -->
        <test-method signature="testEmailMessageEqualsAndHashCode()[pri:0, instance:com.cspb1913.kafkasendgrid.model.EmailMessageTest@34523d46]" started-at="2025-07-25T14:55:00 UTC" name="testEmailMessageEqualsAndHashCode" finished-at="2025-07-25T14:55:00 UTC" duration-ms="0" status="PASS">
          <reporter-output>
          </reporter-output>
        </test-method> <!-- testEmailMessageEqualsAndHashCode -->
        <test-method is-config="true" signature="setUp()[pri:0, instance:com.cspb1913.kafkasendgrid.model.EmailMessageTest@34523d46]" started-at="2025-07-25T14:55:00 UTC" name="setUp" finished-at="2025-07-25T14:55:00 UTC" duration-ms="7" status="PASS">
          <reporter-output>
          </reporter-output>
        </test-method> <!-- setUp -->
        <test-method signature="testEmailMessageJSONDeserializationWithMissingFields()[pri:0, instance:com.cspb1913.kafkasendgrid.model.EmailMessageTest@34523d46]" started-at="2025-07-25T14:55:00 UTC" name="testEmailMessageJSONDeserializationWithMissingFields" finished-at="2025-07-25T14:55:00 UTC" duration-ms="93" status="PASS">
          <reporter-output>
          </reporter-output>
        </test-method> <!-- testEmailMessageJSONDeserializationWithMissingFields -->
        <test-method is-config="true" signature="setUp()[pri:0, instance:com.cspb1913.kafkasendgrid.model.EmailMessageTest@34523d46]" started-at="2025-07-25T14:55:00 UTC" name="setUp" finished-at="2025-07-25T14:55:00 UTC" duration-ms="4" status="PASS">
          <reporter-output>
          </reporter-output>
        </test-method> <!-- setUp -->
        <test-method signature="testEmailMessageJSONSerialization()[pri:0, instance:com.cspb1913.kafkasendgrid.model.EmailMessageTest@34523d46]" started-at="2025-07-25T14:55:00 UTC" name="testEmailMessageJSONSerialization" finished-at="2025-07-25T14:55:00 UTC" duration-ms="25" status="PASS">
          <reporter-output>
          </reporter-output>
        </test-method> <!-- testEmailMessageJSONSerialization -->
        <test-method is-config="true" signature="setUp()[pri:0, instance:com.cspb1913.kafkasendgrid.model.EmailMessageTest@34523d46]" started-at="2025-07-25T14:55:00 UTC" name="setUp" finished-at="2025-07-25T14:55:00 UTC" duration-ms="4" status="PASS">
          <reporter-output>
          </reporter-output>
        </test-method> <!-- setUp -->
        <test-method signature="testEmailMessageToString()[pri:0, instance:com.cspb1913.kafkasendgrid.model.EmailMessageTest@34523d46]" started-at="2025-07-25T14:55:00 UTC" name="testEmailMessageToString" finished-at="2025-07-25T14:55:00 UTC" duration-ms="3" status="PASS">
          <reporter-output>
          </reporter-output>
        </test-method> <!-- testEmailMessageToString -->
        <test-method is-config="true" signature="setUp()[pri:0, instance:com.cspb1913.kafkasendgrid.model.EmailMessageTest@34523d46]" started-at="2025-07-25T14:55:00 UTC" name="setUp" finished-at="2025-07-25T14:55:00 UTC" duration-ms="3" status="PASS">
          <reporter-output>
          </reporter-output>
        </test-method> <!-- setUp -->
        <test-method signature="testEmailMessageValidation()[pri:0, instance:com.cspb1913.kafkasendgrid.model.EmailMessageTest@34523d46]" started-at="2025-07-25T14:55:00 UTC" name="testEmailMessageValidation" finished-at="2025-07-25T14:55:00 UTC" duration-ms="79" status="PASS">
          <reporter-output>
          </reporter-output>
        </test-method> <!-- testEmailMessageValidation -->
        <test-method is-config="true" signature="setUp()[pri:0, instance:com.cspb1913.kafkasendgrid.model.EmailMessageTest@34523d46]" started-at="2025-07-25T14:55:00 UTC" name="setUp" finished-at="2025-07-25T14:55:00 UTC" duration-ms="4" status="PASS">
          <reporter-output>
          </reporter-output>
        </test-method> <!-- setUp -->
        <test-method signature="testEmailMessageValidationBlankFields()[pri:0, instance:com.cspb1913.kafkasendgrid.model.EmailMessageTest@34523d46]" started-at="2025-07-25T14:55:00 UTC" name="testEmailMessageValidationBlankFields" finished-at="2025-07-25T14:55:00 UTC" duration-ms="11" status="PASS">
          <reporter-output>
          </reporter-output>
        </test-method> <!-- testEmailMessageValidationBlankFields -->
        <test-method is-config="true" signature="setUp()[pri:0, instance:com.cspb1913.kafkasendgrid.model.EmailMessageTest@34523d46]" started-at="2025-07-25T14:55:00 UTC" name="setUp" finished-at="2025-07-25T14:55:00 UTC" duration-ms="4" status="PASS">
          <reporter-output>
          </reporter-output>
        </test-method> <!-- setUp -->
        <test-method signature="testEmailMessageValidationInvalidEmail()[pri:0, instance:com.cspb1913.kafkasendgrid.model.EmailMessageTest@34523d46]" started-at="2025-07-25T14:55:00 UTC" name="testEmailMessageValidationInvalidEmail" finished-at="2025-07-25T14:55:00 UTC" duration-ms="6" status="PASS">
          <reporter-output>
          </reporter-output>
        </test-method> <!-- testEmailMessageValidationInvalidEmail -->
      </class> <!-- com.cspb1913.kafkasendgrid.model.EmailMessageTest -->
    </test> <!-- Gradle test -->
  </suite> <!-- Gradle suite -->
</testng-results>
